<?xml version="1.0" encoding="UTF-8"?>
<!-- Generated by org.testng.reporters.JUnitReportReporter -->
<testsuite hostname="Vinodh" name="Testng.com.GroupingTestCases" tests="5" failures="0" timestamp="15 Mar 2017 05:46:42 GMT" time="77.394" errors="0">
  <testcase name="Test1" time="7.454" classname="Testng.com.GroupingTestCases"/>
  <testcase name="Test2" time="16.026" classname="Testng.com.GroupingTestCases"/>
  <testcase name="Test3" time="18.243" classname="Testng.com.GroupingTestCases"/>
  <testcase name="Test4" time="21.472" classname="Testng.com.GroupingTestCases"/>
  <testcase name="Test5" time="14.199" classname="Testng.com.GroupingTestCases"/>
</testsuite> <!-- Testng.com.GroupingTestCases -->
