<?xml version="1.0" encoding="UTF-8"?>
<!-- Generated by org.testng.reporters.JUnitReportReporter -->
<testsuite hostname="Vinodh" name="Testng.com.paralleltest" tests="2" failures="0" timestamp="15 Mar 2017 06:18:38 GMT" time="26.527" errors="0">
  <testcase name="function1" time="15.038" classname="Testng.com.paralleltest"/>
  <testcase name="function2" time="11.489" classname="Testng.com.paralleltest"/>
</testsuite> <!-- Testng.com.paralleltest -->
