<?xml version="1.0" encoding="UTF-8"?>
<!-- Generated by org.testng.reporters.JUnitReportReporter -->
<testsuite hostname="Vinodh" name="Testng.com.Priority" tests="3" failures="0" timestamp="15 Mar 2017 06:00:06 GMT" time="0.013" errors="0">
  <testcase name="Four" time="0.001" classname="Testng.com.Priority"/>
  <testcase name="Two" time="0.001" classname="Testng.com.Priority"/>
  <testcase name="One" time="0.011" classname="Testng.com.Priority"/>
</testsuite> <!-- Testng.com.Priority -->
