<?xml version="1.0" encoding="UTF-8"?>
<!-- Generated by org.testng.reporters.JUnitReportReporter -->
<testsuite hostname="Vinodh" name="Testng.com.Dependent" tests="3" failures="0" timestamp="15 Mar 2017 05:50:59 GMT" time="0.014" errors="0">
  <testcase name="SignIn" time="0.002" classname="Testng.com.Dependent"/>
  <testcase name="OpenBrowser" time="0.011" classname="Testng.com.Dependent"/>
  <testcase name="LogOut" time="0.001" classname="Testng.com.Dependent"/>
</testsuite> <!-- Testng.com.Dependent -->
